This is pdfTeX, Version 3.141592653-2.6-1.40.25 (TeX Live 2023) (preloaded format=pdflatex 2026.4.3)  7 APR 2026 18:39
entering extended mode
 restricted \write18 enabled.
 %&-line parsing enabled.
**pre-lab-report.TEX
(./pre-lab-report.TEX
LaTeX2e <2022-11-01> patch level 1
L3 programming layer <2023-02-22>
(/usr/share/texlive/texmf-dist/tex/latex/base/report.cls
Document Class: report 2022/07/02 v1.4n Standard LaTeX document class
(/usr/share/texlive/texmf-dist/tex/latex/base/size11.clo
File: size11.clo 2022/07/02 v1.4n Standard LaTeX file (size option)
)
\c@part=\count185
\c@chapter=\count186
\c@section=\count187
\c@subsection=\count188
\c@subsubsection=\count189
\c@paragraph=\count190
\c@subparagraph=\count191
\c@figure=\count192
\c@table=\count193
\abovecaptionskip=\skip48
\belowcaptionskip=\skip49
\bibindent=\dimen140
)
(/usr/share/texlive/texmf-dist/tex/generic/babel/babel.sty
Package: babel 2023/02/13 3.86 The Babel package
\babel@savecnt=\count194
\U@D=\dimen141
\l@unhyphenated=\language85

(/usr/share/texlive/texmf-dist/tex/generic/babel/txtbabel.def)
\bbl@readstream=\read2
\bbl@dirlevel=\count195

(/usr/share/texlive/texmf-dist/tex/generic/babel-portuges/brazil.ldf
Language: portuges 2021/07/09 v1.2t Portuguese support from the babel system
Package babel Info: Hyphen rules for 'brazil' set to \l@portuguese
(babel)             (\language81). Reported on input line 111.
Package babel Info: Making " an active character on input line 143.
))
(/usr/share/texlive/texmf-dist/tex/latex/base/inputenc.sty
Package: inputenc 2021/02/14 v1.3d Input encoding file
\inpenc@prehook=\toks16
\inpenc@posthook=\toks17
)
(/usr/share/texlive/texmf-dist/tex/latex/preprint/authblk.sty
Package: authblk 2001/02/27 1.3 (PWD)
\affilsep=\skip50
\@affilsep=\skip51
\c@Maxaffil=\count196
\c@authors=\count197
\c@affil=\count198
)
(/usr/share/texlive/texmf-dist/tex/latex/tools/indentfirst.sty
Package: indentfirst 1995/11/23 v1.03 Indent first paragraph (DPC)
)
(/usr/share/texlive/texmf-dist/tex/latex/geometry/geometry.sty
Package: geometry 2020/01/02 v5.9 Page Geometry

(/usr/share/texlive/texmf-dist/tex/latex/graphics/keyval.sty
Package: keyval 2022/05/29 v1.15 key=value parser (DPC)
\KV@toks@=\toks18
)
(/usr/share/texlive/texmf-dist/tex/generic/iftex/ifvtex.sty
Package: ifvtex 2019/10/25 v1.7 ifvtex legacy package. Use iftex instead.

(/usr/share/texlive/texmf-dist/tex/generic/iftex/iftex.sty
Package: iftex 2022/02/03 v1.0f TeX engine tests
))
\Gm@cnth=\count199
\Gm@cntv=\count266
\c@Gm@tempcnt=\count267
\Gm@bindingoffset=\dimen142
\Gm@wd@mp=\dimen143
\Gm@odd@mp=\dimen144
\Gm@even@mp=\dimen145
\Gm@layoutwidth=\dimen146
\Gm@layoutheight=\dimen147
\Gm@layouthoffset=\dimen148
\Gm@layoutvoffset=\dimen149
\Gm@dimlist=\toks19
)
(/usr/share/texlive/texmf-dist/tex/latex/xcolor/xcolor.sty
Package: xcolor 2022/06/12 v2.14 LaTeX color extensions (UK)

(/usr/share/texlive/texmf-dist/tex/latex/graphics-cfg/color.cfg
File: color.cfg 2016/01/02 v1.6 sample color configuration
)
Package xcolor Info: Driver file: pdftex.def on input line 227.

(/usr/share/texlive/texmf-dist/tex/latex/graphics-def/pdftex.def
File: pdftex.def 2022/09/22 v1.2b Graphics/color driver for pdftex
)
(/usr/share/texlive/texmf-dist/tex/latex/colortbl/colortbl.sty
Package: colortbl 2022/06/20 v1.0f Color table columns (DPC)

(/usr/share/texlive/texmf-dist/tex/latex/tools/array.sty
Package: array 2022/09/04 v2.5g Tabular extension package (FMi)
\col@sep=\dimen150
\ar@mcellbox=\box51
\extrarowheight=\dimen151
\NC@list=\toks20
\extratabsurround=\skip52
\backup@length=\skip53
\ar@cellbox=\box52
)
\everycr=\toks21
\minrowclearance=\skip54
\rownum=\count268
)
(/usr/share/texlive/texmf-dist/tex/latex/graphics/mathcolor.ltx)
Package xcolor Info: Model `cmy' substituted by `cmy0' on input line 1353.
Package xcolor Info: Model `hsb' substituted by `rgb' on input line 1357.
Package xcolor Info: Model `RGB' extended on input line 1369.
Package xcolor Info: Model `HTML' substituted by `rgb' on input line 1371.
Package xcolor Info: Model `Hsb' substituted by `hsb' on input line 1372.
Package xcolor Info: Model `tHsb' substituted by `hsb' on input line 1373.
Package xcolor Info: Model `HSB' substituted by `hsb' on input line 1374.
Package xcolor Info: Model `Gray' substituted by `gray' on input line 1375.
Package xcolor Info: Model `wave' substituted by `hsb' on input line 1376.
)
(/usr/share/texlive/texmf-dist/tex/latex/pdfpages/pdfpages.sty
Package: pdfpages 2022/12/19 v0.5x Insert pages of external PDF documents (AM)

(/usr/share/texlive/texmf-dist/tex/latex/base/ifthen.sty
Package: ifthen 2022/04/13 v1.1d Standard LaTeX ifthen package (DPC)
)
(/usr/share/texlive/texmf-dist/tex/latex/tools/calc.sty
Package: calc 2017/05/25 v4.3 Infix arithmetic (KKT,FJ)
\calc@Acount=\count269
\calc@Bcount=\count270
\calc@Adimen=\dimen152
\calc@Bdimen=\dimen153
\calc@Askip=\skip55
\calc@Bskip=\skip56
LaTeX Info: Redefining \setlength on input line 80.
LaTeX Info: Redefining \addtolength on input line 81.
\calc@Ccount=\count271
\calc@Cskip=\skip57
)
(/usr/share/texlive/texmf-dist/tex/latex/eso-pic/eso-pic.sty
Package: eso-pic 2020/10/14 v3.0a eso-pic (RN)
\ESO@tempdima=\dimen154
\ESO@tempdimb=\dimen155
)
(/usr/share/texlive/texmf-dist/tex/latex/graphics/graphicx.sty
Package: graphicx 2021/09/16 v1.2d Enhanced LaTeX Graphics (DPC,SPQR)

(/usr/share/texlive/texmf-dist/tex/latex/graphics/graphics.sty
Package: graphics 2022/03/10 v1.4e Standard LaTeX Graphics (DPC,SPQR)

(/usr/share/texlive/texmf-dist/tex/latex/graphics/trig.sty
Package: trig 2021/08/11 v1.11 sin cos tan (DPC)
)
(/usr/share/texlive/texmf-dist/tex/latex/graphics-cfg/graphics.cfg
File: graphics.cfg 2016/06/04 v1.11 sample graphics configuration
)
Package graphics Info: Driver file: pdftex.def on input line 107.
)
\Gin@req@height=\dimen156
\Gin@req@width=\dimen157
)
\AM@pagewidth=\dimen158
\AM@pageheight=\dimen159
\AM@fboxrule=\dimen160

(/usr/share/texlive/texmf-dist/tex/latex/pdfpages/pppdftex.def
File: pppdftex.def 2022/12/19 v0.5x Pdfpages driver for pdfTeX (AM)
)
\pdfpages@includegraphics@status=\count272
\AM@pagebox=\box53
\AM@global@opts=\toks22
\AM@pagecnt=\count273
\AM@toc@title=\toks23
\AM@lof@heading=\toks24
\c@AM@survey=\count274
\AM@templatesizebox=\box54
)
(/usr/share/texlive/texmf-dist/tex/latex/l3backend/l3backend-pdftex.def
File: l3backend-pdftex.def 2023-01-16 L3 backend support: PDF output (pdfTeX)
\l__color_backend_stack_int=\count275
\l__pdf_internal_box=\box55
)
(./pre-lab-report.aux)
\openout1 = `pre-lab-report.aux'.

LaTeX Font Info:    Checking defaults for OML/cmm/m/it on input line 20.
LaTeX Font Info:    ... okay on input line 20.
LaTeX Font Info:    Checking defaults for OMS/cmsy/m/n on input line 20.
LaTeX Font Info:    ... okay on input line 20.
LaTeX Font Info:    Checking defaults for OT1/cmr/m/n on input line 20.
LaTeX Font Info:    ... okay on input line 20.
LaTeX Font Info:    Checking defaults for T1/cmr/m/n on input line 20.
LaTeX Font Info:    ... okay on input line 20.
LaTeX Font Info:    Checking defaults for TS1/cmr/m/n on input line 20.
LaTeX Font Info:    ... okay on input line 20.
LaTeX Font Info:    Checking defaults for OMX/cmex/m/n on input line 20.
LaTeX Font Info:    ... okay on input line 20.
LaTeX Font Info:    Checking defaults for U/cmr/m/n on input line 20.
LaTeX Font Info:    ... okay on input line 20.

*geometry* driver: auto-detecting
*geometry* detected driver: pdftex
*geometry* verbose mode - [ preamble ] result:
* driver: pdftex
* paper: <default>
* layout: <same size as paper>
* layoutoffset:(h,v)=(0.0pt,0.0pt)
* modes: 
* h-part:(L,W,R)=(71.13188pt, 472.03123pt, 71.13188pt)
* v-part:(T,H,B)=(71.13188pt, 652.70622pt, 71.13188pt)
* \paperwidth=614.295pt
* \paperheight=794.96999pt
* \textwidth=472.03123pt
* \textheight=652.70622pt
* \oddsidemargin=-1.1381pt
* \evensidemargin=-1.1381pt
* \topmargin=-38.1381pt
* \headheight=12.0pt
* \headsep=25.0pt
* \topskip=11.0pt
* \footskip=30.0pt
* \marginparwidth=59.0pt
* \marginparsep=10.0pt
* \columnsep=10.0pt
* \skip\footins=10.0pt plus 4.0pt minus 2.0pt
* \hoffset=0.0pt
* \voffset=0.0pt
* \mag=1000
* \@twocolumnfalse
* \@twosidefalse
* \@mparswitchfalse
* \@reversemarginfalse
* (1in=72.27pt=25.4mm, 1cm=28.453pt)

(/usr/share/texlive/texmf-dist/tex/context/base/mkii/supp-pdf.mkii
[Loading MPS to PDF converter (version 2006.09.02).]
\scratchcounter=\count276
\scratchdimen=\dimen161
\scratchbox=\box56
\nofMPsegments=\count277
\nofMParguments=\count278
\everyMPshowfont=\toks25
\MPscratchCnt=\count279
\MPscratchDim=\dimen162
\MPnumerator=\count280
\makeMPintoPDFobject=\count281
\everyMPtoPDFconversion=\toks26
) (/usr/share/texlive/texmf-dist/tex/latex/epstopdf-pkg/epstopdf-base.sty
Package: epstopdf-base 2020-01-24 v2.11 Base part for package epstopdf
Package epstopdf-base Info: Redefining graphics rule for `.eps' on input line 4
85.

(/usr/share/texlive/texmf-dist/tex/latex/latexconfig/epstopdf-sys.cfg
File: epstopdf-sys.cfg 2010/07/13 v1.3 Configuration of (r)epstopdf for TeX Liv
e
))
(/usr/share/texlive/texmf-dist/tex/latex/pdflscape/pdflscape.sty
Package: pdflscape 2022-10-27 v0.13 Display of landscape pages in PDF

(/usr/share/texlive/texmf-dist/tex/latex/pdflscape/pdflscape-nometadata.sty
Package: pdflscape-nometadata 2022-10-28 v0.13 Display of landscape pages in PD
F (HO)

(/usr/share/texlive/texmf-dist/tex/latex/graphics/lscape.sty
Package: lscape 2020/05/28 v3.02 Landscape Pages (DPC)
)
Package pdflscape Info: Auto-detected driver: pdftex on input line 81.
)) [1

{/var/lib/texmf/fonts/map/pdftex/updmap/pdftex.map}] (./pre-lab-report.toc
LaTeX Font Info:    External font `cmex10' loaded for size
(Font)              <10.95> on input line 4.
LaTeX Font Info:    External font `cmex10' loaded for size
(Font)              <8> on input line 4.
LaTeX Font Info:    External font `cmex10' loaded for size
(Font)              <6> on input line 4.
)
\tf@toc=\write3
\openout3 = `pre-lab-report.toc'.

 [1

]
Cap\'{\i }tulo 1.
[2

]
Cap\'{\i }tulo 2.

Underfull \hbox (badness 10000) in paragraph at lines 74--77

 []

[3

{/usr/share/texlive/texmf-dist/fonts/enc/dvips/cm-super/cm-super-ts1.enc}]
Underfull \hbox (badness 10000) in paragraph at lines 78--79

 []

[4]
Cap\'{\i }tulo 3.
[5

]
Cap\'{\i }tulo 4.
[6

]
Cap\'{\i }tulo 5.
<ckts_e_tabelas.pdf, id=37, 597.73312pt x 845.40843pt>
File: ckts_e_tabelas.pdf Graphic file (type pdf)
<use ckts_e_tabelas.pdf>
Package pdftex.def Info: ckts_e_tabelas.pdf  used on input line 163.
(pdftex.def)             Requested size: 597.73166pt x 845.40636pt.
File: ckts_e_tabelas.pdf Graphic file (type pdf)
<use ckts_e_tabelas.pdf>
Package pdftex.def Info: ckts_e_tabelas.pdf  used on input line 163.
(pdftex.def)             Requested size: 597.73166pt x 845.40636pt.
<ckts_e_tabelas.pdf, id=40, page=1, 597.73312pt x 845.40843pt>
File: ckts_e_tabelas.pdf Graphic file (type pdf)
<use ckts_e_tabelas.pdf, page 1>
Package pdftex.def Info: ckts_e_tabelas.pdf , page1 used on input line 163.
(pdftex.def)             Requested size: 597.73166pt x 845.40636pt.
File: ckts_e_tabelas.pdf Graphic file (type pdf)
<use ckts_e_tabelas.pdf, page 1>
Package pdftex.def Info: ckts_e_tabelas.pdf , page1 used on input line 163.
(pdftex.def)             Requested size: 562.33437pt x 795.34192pt.
[7

]
File: ckts_e_tabelas.pdf Graphic file (type pdf)
<use ckts_e_tabelas.pdf, page 1>
Package pdftex.def Info: ckts_e_tabelas.pdf , page1 used on input line 163.
(pdftex.def)             Requested size: 562.33437pt x 795.34192pt.
File: ckts_e_tabelas.pdf Graphic file (type pdf)
<use ckts_e_tabelas.pdf, page 1>
Package pdftex.def Info: ckts_e_tabelas.pdf , page1 used on input line 163.
(pdftex.def)             Requested size: 562.33437pt x 795.34192pt.

Cap\'{\i }tulo 6.
File: ckts_e_tabelas.pdf Graphic file (type pdf)
<use ckts_e_tabelas.pdf, page 1>
Package pdftex.def Info: ckts_e_tabelas.pdf , page1 used on input line 163.
(pdftex.def)             Requested size: 562.33437pt x 795.34192pt.
[8 <./ckts_e_tabelas.pdf>]
<ckts_e_tabelas.pdf, id=59, page=2, 597.73312pt x 845.40843pt>
File: ckts_e_tabelas.pdf Graphic file (type pdf)
<use ckts_e_tabelas.pdf, page 2>
Package pdftex.def Info: ckts_e_tabelas.pdf , page2 used on input line 163.
(pdftex.def)             Requested size: 562.33437pt x 795.34192pt.
File: ckts_e_tabelas.pdf Graphic file (type pdf)
<use ckts_e_tabelas.pdf, page 2>
Package pdftex.def Info: ckts_e_tabelas.pdf , page2 used on input line 163.
(pdftex.def)             Requested size: 562.33437pt x 795.34192pt.
File: ckts_e_tabelas.pdf Graphic file (type pdf)
<use ckts_e_tabelas.pdf, page 2>
Package pdftex.def Info: ckts_e_tabelas.pdf , page2 used on input line 163.
(pdftex.def)             Requested size: 562.33437pt x 795.34192pt.
 [9 <./ckts_e_tabelas.pdf>]
<ckts_e_tabelas.pdf, id=84, page=3, 597.73312pt x 845.40843pt>
File: ckts_e_tabelas.pdf Graphic file (type pdf)
<use ckts_e_tabelas.pdf, page 3>
Package pdftex.def Info: ckts_e_tabelas.pdf , page3 used on input line 163.
(pdftex.def)             Requested size: 562.33437pt x 795.34192pt.
File: ckts_e_tabelas.pdf Graphic file (type pdf)
<use ckts_e_tabelas.pdf, page 3>
Package pdftex.def Info: ckts_e_tabelas.pdf , page3 used on input line 163.
(pdftex.def)             Requested size: 562.33437pt x 795.34192pt.
File: ckts_e_tabelas.pdf Graphic file (type pdf)
<use ckts_e_tabelas.pdf, page 3>
Package pdftex.def Info: ckts_e_tabelas.pdf , page3 used on input line 163.
(pdftex.def)             Requested size: 562.33437pt x 795.34192pt.
 [10 <./ckts_e_tabelas.pdf>]
<ckts_e_tabelas.pdf, id=109, page=4, 597.73312pt x 845.40843pt>
File: ckts_e_tabelas.pdf Graphic file (type pdf)
<use ckts_e_tabelas.pdf, page 4>
Package pdftex.def Info: ckts_e_tabelas.pdf , page4 used on input line 163.
(pdftex.def)             Requested size: 562.33437pt x 795.34192pt.
File: ckts_e_tabelas.pdf Graphic file (type pdf)
<use ckts_e_tabelas.pdf, page 4>
Package pdftex.def Info: ckts_e_tabelas.pdf , page4 used on input line 163.
(pdftex.def)             Requested size: 562.33437pt x 795.34192pt.
File: ckts_e_tabelas.pdf Graphic file (type pdf)
<use ckts_e_tabelas.pdf, page 4>
Package pdftex.def Info: ckts_e_tabelas.pdf , page4 used on input line 163.
(pdftex.def)             Requested size: 562.33437pt x 795.34192pt.
 [11 <./ckts_e_tabelas.pdf>] (./pre-lab-report.aux) ) 
Here is how much of TeX's memory you used:
 4581 strings out of 476041
 75519 string characters out of 5793175
 1858388 words of memory out of 6000000
 24983 multiletter control sequences out of 15000+600000
 519767 words of font info for 56 fonts, out of 8000000 for 9000
 1137 hyphenation exceptions out of 8191
 72i,17n,76p,253b,431s stack positions out of 10000i,1000n,20000p,200000b,200000s
</usr/share/texlive/texmf-
dist/fonts/type1/public/amsfonts/cm/cmbx10.pfb></usr/share/texlive/texmf-dist/f
onts/type1/public/amsfonts/cm/cmbx12.pfb></usr/share/texlive/texmf-dist/fonts/t
ype1/public/amsfonts/cm/cmbxti10.pfb></usr/share/texlive/texmf-dist/fonts/type1
/public/amsfonts/cm/cmmi10.pfb></usr/share/texlive/texmf-dist/fonts/type1/publi
c/amsfonts/cm/cmmi6.pfb></usr/share/texlive/texmf-dist/fonts/type1/public/amsfo
nts/cm/cmmi8.pfb></usr/share/texlive/texmf-dist/fonts/type1/public/amsfonts/cm/
cmr10.pfb></usr/share/texlive/texmf-dist/fonts/type1/public/amsfonts/cm/cmr12.p
fb></usr/share/texlive/texmf-dist/fonts/type1/public/amsfonts/cm/cmr8.pfb></usr
/share/texlive/texmf-dist/fonts/type1/public/amsfonts/cm/cmsy10.pfb></usr/share
/texlive/texmf-dist/fonts/type1/public/amsfonts/cm/cmti10.pfb></usr/share/texli
ve/texmf-dist/fonts/type1/public/cm-super/sfrm1095.pfb>
Output written on pre-lab-report.pdf (12 pages, 469375 bytes).
PDF statistics:
 187 PDF objects out of 1000 (max. 8388607)
 110 compressed objects within 2 object streams
 0 named destinations out of 1000 (max. 500000)
 36 words of extra memory for PDF output out of 10000 (max. 10000000)

